<?xml version="1.0" encoding="UTF-8"?>
<!-- Generated by org.testng.reporters.JUnitXMLReporter -->
<testsuite hostname="Sarath" name="Test" tests="4" failures="0" timestamp="19 Sep 2018 19:14:42 GMT" time="67.928" errors="0">
  <testcase name="CreateContactTest" time="13.29" classname="com.crm.contactTest.ContactTest"/>
  <testcase name="DeleteContactTest" time="5.099" classname="com.crm.contactTest.ContactTest"/>
  <testcase name="CreateCompaignTest" time="9.773" classname="com.crm.CompaignTest.CompaignTest"/>
  <testcase name="DeleteCompaignTest" time="4.597" classname="com.crm.CompaignTest.CompaignTest"/>
</testsuite> <!-- Test -->
